2025-10-06T17:08:03 update: added /ENHYPEN Bad Desire ENGLISH.mp3
2025-10-06T17:11:51 player: played "ENHYPEN Bad Desire ENGLISH.mp3"
2025-10-06T17:38:00 update: removing ENHYPEN Bad Desire ENGLISH.mp3
2025-10-06T17:38:12 update: added /ENHYPEN-Bad-Desire-ENGLISH.mp3
2025-10-06T17:38:22 exception: No such song
2025-10-06T17:38:22 exception: No such song
2025-10-06T17:38:41 exception: No such song
2025-10-06T17:38:41 exception: No such song
2025-10-06T17:39:16 exception: No such song
2025-10-06T17:39:16 exception: No such song
2025-10-06T18:07:57 exception: No such song
2025-10-06T18:07:57 exception: No such song
2025-10-06T18:18:35 exception: No such song
2025-10-06T18:18:35 exception: No such song
2025-10-06T18:31:39 exception: No such song
2025-10-06T18:31:39 exception: No such song
2025-10-06T18:31:52 exception: No such song
2025-10-06T18:31:52 exception: No such song
2025-10-06T18:32:04 exception: No such song
2025-10-06T18:32:04 exception: No such song
2025-10-06T18:43:28 update: added /ENHYPEN-Bad Desire (With Or Without You).mp3
2025-10-06T18:43:28 update: removing ENHYPEN-Bad-Desire-ENGLISH.mp3
2025-10-06T18:44:14 exception: No such song
2025-10-06T18:44:14 exception: No such song
2025-10-06T18:44:40 exception: No such song
2025-10-06T18:44:40 exception: No such song
2025-10-06T18:46:08 player: played "ENHYPEN Bad Desire ENGLISH.mp3"
2025-10-06T19:55:42 update: added /ENHYPEN - Bite Me [Audio].mp3
2025-10-06T19:57:55 update: added /ENHYPEN_Bite Me [Audio].mp3
2025-10-06T19:57:55 update: removing ENHYPEN - Bite Me [Audio].mp3
2025-10-06T19:59:26 update: added /ENHYPEN_ Brought The Heat Back (Audio).mp3
2025-10-06T20:01:31 update: added /Taylor Swift - gold rush (Official Lyric Video).mp3
2025-10-06T20:02:19 update: added /엔하이픈 (ENHYPEN) 'CRIMINAL LOVE' Official Audio.mp3
2025-10-06T20:06:15 update: removing Taylor Swift - gold rush (Official Lyric Video).mp3
2025-10-06T20:14:43 update: added /ENHYPEN-CRIMINAL LOVE.mp3
2025-10-06T20:14:43 update: removing 엔하이픈 (ENHYPEN) 'CRIMINAL LOVE' Official Audio.mp3
2025-10-06T20:15:29 update: added /ENHYPEN-BITE ME.mp3
2025-10-06T20:15:29 update: removing ENHYPEN_Bite Me [Audio].mp3
2025-10-06T20:16:26 update: added /ENHYPEN-Brought The Heat Back.mp3
2025-10-06T20:16:26 update: removing ENHYPEN_ Brought The Heat Back (Audio).mp3
2025-10-06T20:22:09 player: played "ENHYPEN-Bad Desire (With Or Without You).mp3"
2025-10-06T20:30:55 player: played "ENHYPEN-BITE ME.mp3"
2025-10-06T21:05:57 update: added /francis forever.mp3
2025-10-06T21:07:05 update: added /just business, darling.mp3
2025-10-06T21:15:41 update: added /Mitski-Francis Forever.mp3
2025-10-06T21:15:41 update: removing francis forever.mp3
2025-10-06T21:16:49 update: removing just business, darling.mp3
2025-10-06T22:34:01 player: played "Mitski-Francis Forever.mp3"
2025-10-07T22:22:04 player: played "Mitski-Francis Forever.mp3"
2025-10-08T01:38:56 player: played "Mitski-Francis Forever.mp3"
2025-10-08T20:47:05 player: played "Mitski-Francis Forever.mp3"
2025-10-09T19:45:52 player: played "Mitski-Francis Forever.mp3"
2025-10-09T21:00:26 player: played "Mitski-Francis Forever.mp3"
2025-10-09T22:23:14 player: played "Mitski-Francis Forever.mp3"
2025-10-10T01:21:02 player: played "Mitski-Francis Forever.mp3"
2025-10-10T01:21:46 player: played "ENHYPEN-BITE ME.mp3"
2025-10-10T12:19:00 player: played "ENHYPEN-BITE ME.mp3"
2025-10-10T12:43:40 player: played "ENHYPEN-BITE ME.mp3"
2025-10-11T00:59:23 player: played "ENHYPEN-BITE ME.mp3"
2025-10-11T17:29:07 player: played "ENHYPEN-BITE ME.mp3"
2025-10-11T17:30:23 player: played "ENHYPEN-BITE ME.mp3"
2025-10-12T01:32:00 player: played "ENHYPEN-BITE ME.mp3"
2025-10-15T00:22:37 player: played "ENHYPEN-CRIMINAL LOVE.mp3"
2025-10-15T01:57:28 player: played "ENHYPEN-CRIMINAL LOVE.mp3"
2025-10-15T02:00:05 player: played "ENHYPEN-BITE ME.mp3"
2025-10-15T02:02:25 pipewire_output: Decoder is too slow; playing silence to avoid xrun
2025-10-15T02:04:34 player: played "ENHYPEN-Bad Desire (With Or Without You).mp3"
2025-10-15T02:08:50 player: played "ENHYPEN-BITE ME.mp3"
2025-10-15T02:11:47 player: played "ENHYPEN-Brought The Heat Back.mp3"
2025-10-15T02:14:10 player: played "ENHYPEN-Bad Desire (With Or Without You).mp3"
2025-10-15T02:14:30 player: played "ENHYPEN-BITE ME.mp3"
2025-10-15T23:03:04 player: played "ENHYPEN-Bad Desire (With Or Without You).mp3"
2025-10-15T23:05:41 player: played "ENHYPEN-BITE ME.mp3"
2025-10-15T23:10:08 player: played "ENHYPEN-Brought The Heat Back.mp3"
2025-10-15T23:20:54 player: played "ENHYPEN-Bad Desire (With Or Without You).mp3"
2025-10-15T23:23:31 player: played "ENHYPEN-BITE ME.mp3"
2025-10-15T23:36:20 player: played "ENHYPEN-Bad Desire (With Or Without You).mp3"
2025-10-16T01:05:09 player: played "ENHYPEN-BITE ME.mp3"
2025-10-16T20:34:45 player: played "ENHYPEN-BITE ME.mp3"
2025-10-16T22:50:22 player: played "ENHYPEN-BITE ME.mp3"
2025-10-16T22:51:43 player: played "ENHYPEN-BITE ME.mp3"
2025-10-17T02:29:13 player: played "ENHYPEN-BITE ME.mp3"
2025-10-17T23:32:19 player: played "ENHYPEN-Bad Desire (With Or Without You).mp3"
2025-10-18T01:11:24 update: added /NotifLB.mp3
2025-10-18T01:14:01 exception: No such directory
2025-10-18T01:15:18 player: played "NotifLB.mp3"
2025-10-18T01:15:31 player: played "NotifLB.mp3"
2025-10-18T01:15:46 player: played "NotifLB.mp3"
2025-10-18T01:16:34 player: played "NotifLB.mp3"
2025-10-18T01:17:06 player: played "NotifLB.mp3"
2025-10-18T01:18:44 player: played "NotifLB.mp3"
2025-10-18T01:24:54 exception: Number too large: 150
2025-10-18T01:24:54 exception: No such directory
2025-10-18T01:24:57 player: played "ENHYPEN-Bad Desire (With Or Without You).mp3"
2025-10-18T01:28:11 player: played "NotifLB.mp3"
2025-10-18T01:28:18 player: played "NotifLB.mp3"
2025-10-18T01:30:40 player: played "ENHYPEN-Bad Desire (With Or Without You).mp3"
2025-10-18T01:33:18 player: played "ENHYPEN-BITE ME.mp3"
2025-10-18T01:51:46 player: played "ENHYPEN-BITE ME.mp3"
2025-10-18T01:57:26 player: played "ENHYPEN-CRIMINAL LOVE.mp3"
2025-10-18T02:07:56 player: played "ENHYPEN-Bad Desire (With Or Without You).mp3"
2025-10-18T02:10:35 player: played "ENHYPEN-BITE ME.mp3"
2025-10-22T00:11:17 player: played "ENHYPEN-BITE ME.mp3"
2025-10-22T00:18:49 player: played "ENHYPEN-BITE ME.mp3"
2025-10-22T00:28:55 player: played "ENHYPEN-BITE ME.mp3"
2025-10-22T00:53:52 player: played "ENHYPEN-BITE ME.mp3"
2025-10-22T01:04:59 pipewire_output: Decoder is too slow; playing silence to avoid xrun
2025-10-22T01:28:48 player: played "ENHYPEN-CRIMINAL LOVE.mp3"
2025-10-22T01:30:06 player: played "ENHYPEN-BITE ME.mp3"
2025-10-27T23:15:52 player: played "ENHYPEN-BITE ME.mp3"
2025-10-28T00:54:05 player: played "ENHYPEN-BITE ME.mp3"
2025-10-30T18:54:10 player: played "ENHYPEN-BITE ME.mp3"
2025-10-30T19:48:30 player: played "ENHYPEN-BITE ME.mp3"
2025-10-30T22:13:57 player: played "ENHYPEN-BITE ME.mp3"
2025-10-31T01:14:21 player: played "ENHYPEN-BITE ME.mp3"
2025-11-01T01:45:02 player: played "ENHYPEN-BITE ME.mp3"
2025-11-01T01:46:53 player: played "ENHYPEN-BITE ME.mp3"
2025-11-01T01:52:34 player: played "ENHYPEN-BITE ME.mp3"
2025-11-01T02:05:29 player: played "ENHYPEN-BITE ME.mp3"
2025-11-01T02:19:52 player: played "ENHYPEN-BITE ME.mp3"
2025-11-01T02:48:38 player: played "ENHYPEN-BITE ME.mp3"
2025-11-01T19:04:20 player: played "ENHYPEN-BITE ME.mp3"
2025-11-05T13:51:44 player: played "ENHYPEN-BITE ME.mp3"
2025-11-07T01:22:42 player: played "ENHYPEN-BITE ME.mp3"
2025-11-07T01:42:10 player: played "ENHYPEN-BITE ME.mp3"
2025-11-07T13:34:30 player: played "ENHYPEN-BITE ME.mp3"
2025-11-07T14:07:23 player: played "ENHYPEN-BITE ME.mp3"
2025-11-07T15:45:19 player: played "ENHYPEN-BITE ME.mp3"
2025-11-07T16:33:11 player: played "ENHYPEN-BITE ME.mp3"
2025-11-07T16:43:35 player: played "ENHYPEN-BITE ME.mp3"
2025-11-07T16:49:55 player: played "ENHYPEN-BITE ME.mp3"
2025-11-07T16:54:52 player: played "ENHYPEN-BITE ME.mp3"
2025-11-07T17:08:51 player: played "ENHYPEN-BITE ME.mp3"
2025-11-07T17:38:58 player: played "ENHYPEN-BITE ME.mp3"
2025-11-17T19:01:42 player: played "ENHYPEN-BITE ME.mp3"
2025-11-17T22:31:30 player: played "ENHYPEN-BITE ME.mp3"
2025-11-18T01:40:01 player: played "ENHYPEN-BITE ME.mp3"
2025-11-18T13:29:04 player: played "ENHYPEN-BITE ME.mp3"
2025-11-18T13:31:34 player: played "ENHYPEN-BITE ME.mp3"
2025-11-18T14:24:21 player: played "ENHYPEN-BITE ME.mp3"
2025-11-18T15:31:39 update: removing NotifLB.mp3
2025-11-18T15:57:31 exception: No such directory
2025-11-18T15:57:44 exception: No such directory
2025-11-18T18:56:00 player: played "Mitski-Francis Forever.mp3"
2025-11-20T21:36:54 pipewire_output: Decoder is too slow; playing silence to avoid xrun
